[2019-07-11 17:45:28,847] [test_LoginPage.py:Methond:test_loginBusiness(29)] [INFO]:  Testcase - > 开始检验检查点
[2019-07-11 17:45:38,990] [test_LoginPage.py:Methond:test_loginBusiness(34)] [INFO]:  Testcase - > Test FAIL !
[2019-07-11 17:48:44,224] [test_LoginPage.py:Methond:test_loginBusiness(29)] [INFO]:  Testcase - > 开始检验检查点
[2019-07-11 17:48:54,274] [test_LoginPage.py:Methond:test_loginBusiness(34)] [INFO]:  Testcase - > Test FAIL !
[2019-07-11 17:49:06,922] [test_LoginPage.py:Methond:test_loginpage_forgetpwd(53)] [INFO]:  Testcase - > 开始检验检查点
[2019-07-11 17:49:07,947] [test_LoginPage.py:Methond:test_loginpage_forgetpwd(56)] [INFO]:  Testcase - > Test PASS !
[2019-07-11 17:50:23,367] [test_LoginPage.py:Methond:test_loginBusiness(29)] [INFO]:  Testcase - > 开始检验检查点
[2019-07-11 17:52:00,262] [test_LoginPage.py:Methond:test_loginBusiness(29)] [INFO]:  Testcase - > 开始检验检查点
[2019-07-11 17:54:11,275] [test_LoginPage.py:Methond:test_loginBusiness(29)] [INFO]:  Testcase - > 开始检验检查点
[2019-07-11 17:55:17,168] [test_LoginPage.py:Methond:test_loginBusiness(29)] [INFO]:  Testcase - > 开始检验检查点
[2019-07-11 17:55:27,267] [test_LoginPage.py:Methond:test_loginBusiness(34)] [INFO]:  Testcase - > Test FAIL !
[2019-07-11 17:55:40,792] [test_LoginPage.py:Methond:test_loginpage_forgetpwd(53)] [INFO]:  Testcase - > 开始检验检查点
[2019-07-11 17:55:41,803] [test_LoginPage.py:Methond:test_loginpage_forgetpwd(56)] [INFO]:  Testcase - > Test PASS !
[2019-07-11 17:55:55,168] [test_LoginPage.py:Methond:test_loginpage_goaboutwe(108)] [INFO]:  Testcase - > 开始检验检查点
[2019-07-11 17:55:55,181] [test_LoginPage.py:Methond:test_loginpage_goaboutwe(113)] [INFO]:  Testcase - > Test FAIL !
[2019-07-11 17:56:07,950] [test_LoginPage.py:Methond:test_loginpage_gogylkj(97)] [INFO]:  Testcase - > 开始检验检查点
[2019-07-11 17:56:07,974] [test_LoginPage.py:Methond:test_loginpage_gogylkj(102)] [INFO]:  Testcase - > Test FAIL !
[2019-07-11 18:03:35,796] [test_LoginPage.py:Methond:test_loginBusiness(29)] [INFO]:  Testcase - > 开始检验检查点
[2019-07-11 18:03:45,933] [test_LoginPage.py:Methond:test_loginBusiness(34)] [INFO]:  Testcase - > Test FAIL !
[2019-07-11 18:03:45,933] [test_LoginPage.py:Methond:test_loginBusiness(35)] [ERROR]:  断言失败，可能原因：False is not true
[2019-07-11 18:03:55,364] [test_LoginPage.py:Methond:test_loginpage_forgetpwd(54)] [INFO]:  Testcase - > 开始检验检查点
[2019-07-11 18:03:56,387] [test_LoginPage.py:Methond:test_loginpage_forgetpwd(57)] [INFO]:  Testcase - > Test PASS !
